<?xml version="1.0" encoding="UTF-8"?>
<!-- Generated by org.testng.reporters.JUnitXMLReporter -->
<testsuite ignored="0" hostname="DESKTOP-F68JF00" failures="2" tests="24" name="Test" time="150.484" errors="0" timestamp="2022-09-20T12:59:50 IST">
  <testcase classname="Drug_Registry_APIs.suggestion" name="suggestionSearchTextBox" time="4.185"/>
  <testcase classname="HBI_UI.Test_HBI_HomePage_Features_Visible" name="user_Launch_Chrome" time="3.523"/>
  <testcase classname="HBI_UI.Test_HBI_HomePage_Features_Visible" name="user_opens_the_URL" time="5.931"/>
  <testcase classname="HBI_UI.Test_HBI_HomePage_Features_Visible" name="homeButton_will_be_displayed" time="0.291"/>
  <testcase classname="HBI_UI.Test_HBI_HomePage_Features_Visible" name="recruitersDir_will_be_displayed" time="0.0"/>
  <testcase classname="HBI_UI.Test_HBI_HomePage_Features_Visible" name="empDir_will_be_displayed" time="0.0"/>
  <testcase classname="HBI_UI.Test_HBI_HomePage_Features_Visible" name="abtUs_will_be_displayed" time="0.016"/>
  <testcase classname="HBI_UI.Test_HBI_HomePage_Features_Visible" name="faq_will_be_displayed" time="0.0"/>
  <testcase classname="HBI_UI.Test_HBI_HomePage_Features_Visible" name="contactUs_will_be_displayed" time="0.016"/>
  <testcase classname="HBI_UI.Test_HBI_HomePage_Features_Visible" name="dashboardButton_will_be_displayed" time="0.0"/>
  <testcase classname="HBI_UI.Test_HBI_HomePage_Features_Visible" name="grievanceButton_will_be_displayed" time="0.0"/>
  <testcase classname="HBI_UI.Test_HBI_HomePage_Features_Visible" name="health_care_textbox_will_be_displayed" time="0.005"/>
  <testcase classname="HBI_UI.Test_HBI_HomePage_Features_Visible" name="search_button_will_be_displayed" time="0.016"/>
  <testcase classname="HBI_UI.Test_HBI_HomePage_Features_Visible" name="regd_prof_num_will_be_displayed" time="0.0"/>
  <testcase classname="HBI_UI.Test_HBI_HomePage_Features_Visible" name="doc_num_will_be_displayed" time="0.0"/>
  <testcase classname="HBI_UI.Test_HBI_HomePage_Features_Visible" name="nurse_num_will_be_displayed" time="0.015"/>
  <testcase classname="HBI_UI.Test_HBI_HomePage_Features_Visible" name="other_regd_num_will_be_displayed" time="0.0"/>
  <testcase classname="HBI_UI.Test_HBI_Foreign_dashboard_visible" name="user_Launch_Chrome_browser" time="1.168"/>
  <testcase classname="HBI_UI.Test_HBI_Foreign_dashboard_visible" name="user_opens_URL" time="4.114"/>
  <testcase classname="HBI_UI.Test_HBI_Foreign_dashboard_visible" name="user_clicks_on_login_Register_button" time="5.33"/>
  <testcase classname="HBI_UI.Test_HBI_Foreign_dashboard_visible" name="user_selects_Foreign_Employer_and_clicks_on_Login_button" time="0.581"/>
  <testcase classname="HBI_UI.Test_HBI_Foreign_dashboard_visible" name="user_enters_Healthcare_gmail_com_and_Healthcare" time="91.915">
    <failure type="java.lang.AssertionError" message="The following asserts failed:
	Entered invalid UserID expected [false] but found [true]">
      <![CDATA[java.lang.AssertionError: The following asserts failed:
Entered invalid UserID expected [false] but found [true]
at HBI_UI.Test_HBI_Foreign_dashboard_visible.user_enters_Healthcare_gmail_com_and_Healthcare(Test_HBI_Foreign_dashboard_visible.java:142)
at java.base/java.util.ArrayList.forEach(ArrayList.java:1511)
... Removed 29 stack frames]]>
    </failure>
  </testcase> <!-- user_enters_Healthcare_gmail_com_and_Healthcare -->
  <testcase classname="HBI_UI.Test_HBI_Foreign_dashboard_visible" name="click_on_Login" time="0.003"/>
  <testcase classname="HBI_UI.Test_HBI_Foreign_dashboard_visible" name="dashboard_will_be_displayed" time="30.053">
    <failure type="java.lang.AssertionError" message="The following asserts failed:
	Entered invalid UserID expected [false] but found [true]">
      <![CDATA[java.lang.AssertionError: The following asserts failed:
Entered invalid UserID expected [false] but found [true]
at HBI_UI.Test_HBI_Foreign_dashboard_visible.dashboard_will_be_displayed(Test_HBI_Foreign_dashboard_visible.java:169)
at java.base/java.util.ArrayList.forEach(ArrayList.java:1511)
... Removed 29 stack frames]]>
    </failure>
  </testcase> <!-- dashboard_will_be_displayed -->
</testsuite> <!-- Test -->
